19:48:46: Creating resource group General
19:48:46: Creating resource group Internal
19:48:46: Creating resource group Autodetect
19:48:46: SceneManagerFactory for type 'DefaultSceneManager' registered.
19:48:46: Registering ResourceManager for type Material
19:48:46: Registering ResourceManager for type Mesh
19:48:46: Registering ResourceManager for type Skeleton
19:48:46: MovableObjectFactory for type 'ParticleSystem' registered.
19:48:46: OverlayElementFactory for type Panel registered.
19:48:46: OverlayElementFactory for type BorderPanel registered.
19:48:46: OverlayElementFactory for type TextArea registered.
19:48:46: Registering ResourceManager for type Font
19:48:46: ArchiveFactory for archive type FileSystem registered.
19:48:46: ArchiveFactory for archive type Zip registered.
19:48:46: FreeImage version: 3.10.0
19:48:46: This program uses FreeImage, a free, open source image library supporting all common bitmap formats. See http://freeimage.sourceforge.net for details
19:48:46: Supported formats: bmp,ico,jpg,jif,jpeg,jpe,jng,koa,iff,lbm,mng,pbm,pbm,pcd,pcx,pgm,pgm,png,ppm,ppm,ras,tga,targa,tif,tiff,wap,wbmp,wbm,psd,cut,xbm,xpm,gif,hdr,g3,sgi,exr,j2k,j2c,jp2
19:48:46: DDS codec registering
19:48:46: Registering ResourceManager for type HighLevelGpuProgram
19:48:46: Registering ResourceManager for type Compositor
19:48:46: MovableObjectFactory for type 'Entity' registered.
19:48:46: MovableObjectFactory for type 'Light' registered.
19:48:46: MovableObjectFactory for type 'BillboardSet' registered.
19:48:46: MovableObjectFactory for type 'ManualObject' registered.
19:48:46: MovableObjectFactory for type 'BillboardChain' registered.
19:48:46: MovableObjectFactory for type 'RibbonTrail' registered.
19:48:46: OGRE EXCEPTION(6:FileNotFoundException): 'plugins.cfg' file not found! in ConfigFile::load at OgreConfigFile.cpp (line 84)
19:48:46: plugins.cfg not found, automatic plugin loading disabled.
19:48:46: *-*-* OGRE Initialising
19:48:46: *-*-* Version 1.4.9 (Eihort)
19:48:46: OGRE EXCEPTION(6:FileNotFoundException): 'resources.cfg' file not found! in ConfigFile::load at OgreConfigFile.cpp (line 84)
19:48:46: *-*-* OGRE Shutdown
19:48:46: Unregistering ResourceManager for type Compositor
19:48:46: Unregistering ResourceManager for type Font
19:48:46: Unregistering ResourceManager for type Skeleton
19:48:46: Unregistering ResourceManager for type Mesh
19:48:46: Unregistering ResourceManager for type HighLevelGpuProgram
19:48:46: Unregistering ResourceManager for type Material
