17:27:50: Creating resource group General
17:27:50: Creating resource group Internal
17:27:50: Creating resource group Autodetect
17:27:50: Registering ResourceManager for type Mesh
17:27:50: Registering ResourceManager for type Material
17:27:50: Registering ResourceManager for type Skeleton
17:27:50: XMLMeshSerializer reading mesh data from Rock25.mesh.xml...
17:27:50: Reading submeshes...
17:27:50: Reading geometry...
17:27:50: Geometry done...
17:27:50: Submeshes done.
17:27:50: XMLMeshSerializer import successful.
17:27:50: Reorganising vertex buffers to automatic layout..
17:27:50: MeshSerializer writing mesh data to Rock25.mesh...
17:27:50: File header written.
17:27:50: Writing mesh data...
17:27:50: Writing submesh...
17:27:50: Exporting submesh texture aliases...
17:27:50: Submesh texture aliases exported.
17:27:50: Submesh exported.
17:27:50: Exporting bounds information....
17:27:50: Bounds information exported.
17:27:50: Exporting submesh name table...
17:27:50: Submesh name table exported.
17:27:50: Exporting edge lists...
17:27:50: Edge lists exported
17:27:50: Mesh data exported.
17:27:50: MeshSerializer export successful.
17:27:50: Unregistering ResourceManager for type Skeleton
17:27:50: Unregistering ResourceManager for type Material
17:27:50: Unregistering ResourceManager for type Mesh
